==180891== Memcheck, a memory error detector
==180891== Copyright (C) 2002-2017, and GNU GPL'd, by Julian Seward et al.
==180891== Using Valgrind-3.18.1 and LibVEX; rerun with -h for copyright info
==180891== Command: ./minishell
==180891== Parent PID: 177943
==180891== 
==180891== 
==180891== FILE DESCRIPTORS: 4 open (3 std) at exit.
==180891== Open file descriptor 3: /home/ktintim-/Desktop/mini_shell/leaks.log
==180891==    <inherited from parent>
==180891== 
==180891== 
==180891== HEAP SUMMARY:
==180891==     in use at exit: 208,174 bytes in 226 blocks
==180891==   total heap usage: 467 allocs, 241 frees, 237,331 bytes allocated
==180891== 
==180891== LEAK SUMMARY:
==180891==    definitely lost: 0 bytes in 0 blocks
==180891==    indirectly lost: 0 bytes in 0 blocks
==180891==      possibly lost: 0 bytes in 0 blocks
==180891==    still reachable: 0 bytes in 0 blocks
==180891==         suppressed: 208,174 bytes in 226 blocks
==180891== 
==180891== For lists of detected and suppressed errors, rerun with: -s
==180891== ERROR SUMMARY: 0 errors from 0 contexts (suppressed: 0 from 0)
